0 info it worked if it ends with ok
1 verbose cli [ 'C:\\Program Files\\nodejs\\\\node.exe',
1 verbose cli   'C:\\Program Files\\nodejs\\node_modules\\npm\\bin\\npm-cli.js',
1 verbose cli   'install',
1 verbose cli   'sleep' ]
2 info using npm@2.7.4
3 info using node@v0.12.2
4 verbose node symlink C:\Program Files\nodejs\\node.exe
5 warn package.json Paedagotchi-App@1.0.0 No description
6 warn package.json Paedagotchi-App@1.0.0 No repository field.
7 warn package.json Paedagotchi-App@1.0.0 No README data
8 silly cache add args [ 'sleep', null ]
9 verbose cache add spec sleep
10 silly cache add parsed spec { raw: 'sleep',
10 silly cache add   scope: null,
10 silly cache add   name: 'sleep',
10 silly cache add   rawSpec: '',
10 silly cache add   spec: '*',
10 silly cache add   type: 'range' }
11 verbose addNamed sleep@*
12 silly addNamed semver.valid null
13 silly addNamed semver.validRange *
14 silly addNameRange { name: 'sleep', range: '*', hasData: false }
15 silly mapToRegistry name sleep
16 silly mapToRegistry using default registry
17 silly mapToRegistry registry https://registry.npmjs.org/
18 silly mapToRegistry uri https://registry.npmjs.org/sleep
19 verbose addNameRange registry:https://registry.npmjs.org/sleep not in flight; fetching
20 verbose request uri https://registry.npmjs.org/sleep
21 verbose request no auth needed
22 info attempt registry request try #1 at 07:31:46
23 verbose request id c31af840170af2eb
24 verbose etag "8CHWCM8WTGDTT20DRUI12JGGO"
25 http request GET https://registry.npmjs.org/sleep
26 http 304 https://registry.npmjs.org/sleep
27 silly get cb [ 304,
27 silly get   { date: 'Fri, 10 Apr 2015 22:31:56 GMT',
27 silly get     server: 'Apache',
27 silly get     via: '1.1 varnish',
27 silly get     'last-modified': 'Fri, 10 Apr 2015 22:31:56 GMT',
27 silly get     'cache-control': 'max-age=60',
27 silly get     etag: '"8CHWCM8WTGDTT20DRUI12JGGO"',
27 silly get     age: '0',
27 silly get     'x-served-by': 'cache-nrt6124-NRT',
27 silly get     'x-cache': 'MISS',
27 silly get     'x-cache-hits': '0',
27 silly get     'x-timer': 'S1428705116.474854,VS0,VE421',
27 silly get     vary: 'Accept',
27 silly get     'content-length': '0',
27 silly get     'keep-alive': 'timeout=10, max=50',
27 silly get     connection: 'Keep-Alive' } ]
28 verbose etag https://registry.npmjs.org/sleep from cache
29 verbose get saving sleep to C:\Users\snkim\AppData\Roaming\npm-cache\registry.npmjs.org\sleep\.cache.json
30 silly addNameRange number 2 { name: 'sleep', range: '*', hasData: true }
31 silly addNameRange versions [ 'sleep',
31 silly addNameRange   [ '1.0.0',
31 silly addNameRange     '1.0.1',
31 silly addNameRange     '1.0.2',
31 silly addNameRange     '1.1.0',
31 silly addNameRange     '1.1.1',
31 silly addNameRange     '1.1.2',
31 silly addNameRange     '1.1.3',
31 silly addNameRange     '1.1.4',
31 silly addNameRange     '1.1.5',
31 silly addNameRange     '1.1.6',
31 silly addNameRange     '1.1.7',
31 silly addNameRange     '1.1.8',
31 silly addNameRange     '1.2.0',
31 silly addNameRange     '2.0.0' ] ]
32 verbose addNamed sleep@2.0.0
33 silly addNamed semver.valid 2.0.0
34 silly addNamed semver.validRange 2.0.0
35 silly cache afterAdd sleep@2.0.0
36 verbose afterAdd C:\Users\snkim\AppData\Roaming\npm-cache\sleep\2.0.0\package\package.json not in flight; writing
37 verbose afterAdd C:\Users\snkim\AppData\Roaming\npm-cache\sleep\2.0.0\package\package.json written
38 silly install resolved [ { name: 'sleep',
38 silly install resolved     version: '2.0.0',
38 silly install resolved     main: 'index.js',
38 silly install resolved     description: 'Add sleep() and usleep() to nodejs',
38 silly install resolved     homepage: 'http://github.com/ErikDubbelboer/node-sleep',
38 silly install resolved     author: { name: 'Erik Dubbelboer', email: 'erik@dubbelboer.com' },
38 silly install resolved     engines: { node: '>=0.4.0' },
38 silly install resolved     keywords: [ 'sleep', 'usleep' ],
38 silly install resolved     repository:
38 silly install resolved      { type: 'git',
38 silly install resolved        url: 'https://github.com/ErikDubbelboer/node-sleep.git' },
38 silly install resolved     dependencies: { nan: '*' },
38 silly install resolved     gypfile: true,
38 silly install resolved     scripts: { install: 'node-gyp rebuild' },
38 silly install resolved     gitHead: '3c850e05250d3ad72499fb0cefc4be13e9ce24d2',
38 silly install resolved     bugs: { url: 'https://github.com/ErikDubbelboer/node-sleep/issues' },
38 silly install resolved     _id: 'sleep@2.0.0',
38 silly install resolved     _shasum: '96d8ef97970ecad464b146ea5e86dd5d6ceb65bc',
38 silly install resolved     _from: 'sleep@*',
38 silly install resolved     _npmVersion: '1.4.28',
38 silly install resolved     _npmUser: { name: 'erikdubbelboer', email: 'erik@dubbelboer.com' },
38 silly install resolved     maintainers: [ [Object] ],
38 silly install resolved     dist:
38 silly install resolved      { shasum: '96d8ef97970ecad464b146ea5e86dd5d6ceb65bc',
38 silly install resolved        tarball: 'http://registry.npmjs.org/sleep/-/sleep-2.0.0.tgz' },
38 silly install resolved     directories: {},
38 silly install resolved     _resolved: 'https://registry.npmjs.org/sleep/-/sleep-2.0.0.tgz',
38 silly install resolved     readme: 'ERROR: No README data found!' } ]
39 info install sleep@2.0.0 into C:\Users\snkim\Google 드라이브\workplace\sideprojects\Hackathon
40 info installOne sleep@2.0.0
41 verbose installOne of sleep to C:\Users\snkim\Google 드라이브\workplace\sideprojects\Hackathon not in flight; installing
42 verbose lock using C:\Users\snkim\AppData\Roaming\npm-cache\_locks\sleep-ee2803d785a9380b.lock for C:\Users\snkim\Google 드라이브\workplace\sideprojects\Hackathon\node_modules\sleep
43 silly install write writing sleep 2.0.0 to C:\Users\snkim\Google 드라이브\workplace\sideprojects\Hackathon\node_modules\sleep
44 silly cache addNamed cb sleep@2.0.0
45 verbose unbuild node_modules\sleep
46 silly gentlyRm C:\Users\snkim\Google 드라이브\workplace\sideprojects\Hackathon\node_modules\sleep is being purged from base C:\Users\snkim\Google 드라이브\workplace\sideprojects\Hackathon
47 verbose gentlyRm don't care about contents; nuking C:\Users\snkim\Google 드라이브\workplace\sideprojects\Hackathon\node_modules\sleep
48 verbose tar unpack C:\Users\snkim\AppData\Roaming\npm-cache\sleep\2.0.0\package.tgz
49 verbose tar unpacking to C:\Users\snkim\Google 드라이브\workplace\sideprojects\Hackathon\node_modules\sleep
50 silly gentlyRm C:\Users\snkim\Google 드라이브\workplace\sideprojects\Hackathon\node_modules\sleep is being purged
51 verbose gentlyRm don't care about contents; nuking C:\Users\snkim\Google 드라이브\workplace\sideprojects\Hackathon\node_modules\sleep
52 silly gunzTarPerm modes [ '777', '666' ]
53 silly gunzTarPerm extractEntry package.json
54 silly gunzTarPerm modified mode [ 'package.json', 436, 438 ]
55 silly gunzTarPerm extractEntry .npmignore
56 silly gunzTarPerm modified mode [ '.npmignore', 436, 438 ]
57 silly gunzTarPerm extractEntry README.md
58 silly gunzTarPerm modified mode [ 'README.md', 436, 438 ]
59 silly gunzTarPerm extractEntry test.js
60 silly gunzTarPerm modified mode [ 'test.js', 436, 438 ]
61 silly gunzTarPerm extractEntry index.js
62 silly gunzTarPerm modified mode [ 'index.js', 436, 438 ]
63 silly gunzTarPerm extractEntry LICENSE.txt
64 silly gunzTarPerm modified mode [ 'LICENSE.txt', 436, 438 ]
65 silly gunzTarPerm extractEntry sleep.cc
66 silly gunzTarPerm modified mode [ 'sleep.cc', 436, 438 ]
67 silly gunzTarPerm extractEntry binding.gyp
68 silly gunzTarPerm modified mode [ 'binding.gyp', 436, 438 ]
69 info preinstall sleep@2.0.0
70 silly prepareForInstallMany adding nan@* from sleep dependencies
71 silly cache add args [ 'nan@*', null ]
72 verbose cache add spec nan@*
73 silly cache add parsed spec { raw: 'nan@*',
73 silly cache add   scope: null,
73 silly cache add   name: 'nan',
73 silly cache add   rawSpec: '*',
73 silly cache add   spec: '*',
73 silly cache add   type: 'range' }
74 verbose addNamed nan@*
75 silly addNamed semver.valid null
76 silly addNamed semver.validRange *
77 silly addNameRange { name: 'nan', range: '*', hasData: false }
78 silly mapToRegistry name nan
79 silly mapToRegistry using default registry
80 silly mapToRegistry registry https://registry.npmjs.org/
81 silly mapToRegistry uri https://registry.npmjs.org/nan
82 verbose addNameRange registry:https://registry.npmjs.org/nan not in flight; fetching
83 verbose request uri https://registry.npmjs.org/nan
84 verbose request no auth needed
85 info attempt registry request try #1 at 07:31:47
86 verbose etag "2RVNOBUBIPFCFHXKKPTSTKGB8"
87 http request GET https://registry.npmjs.org/nan
88 http 304 https://registry.npmjs.org/nan
89 silly get cb [ 304,
89 silly get   { date: 'Fri, 10 Apr 2015 22:31:57 GMT',
89 silly get     server: 'Apache',
89 silly get     via: '1.1 varnish',
89 silly get     'last-modified': 'Fri, 10 Apr 2015 22:31:57 GMT',
89 silly get     'cache-control': 'max-age=60',
89 silly get     etag: '"2RVNOBUBIPFCFHXKKPTSTKGB8"',
89 silly get     age: '0',
89 silly get     'x-served-by': 'cache-nrt6121-NRT',
89 silly get     'x-cache': 'HIT',
89 silly get     'x-cache-hits': '1',
89 silly get     'x-timer': 'S1428705117.220552,VS0,VE693',
89 silly get     vary: 'Accept',
89 silly get     'content-length': '0',
89 silly get     'keep-alive': 'timeout=10, max=50',
89 silly get     connection: 'Keep-Alive' } ]
90 verbose etag https://registry.npmjs.org/nan from cache
91 verbose get saving nan to C:\Users\snkim\AppData\Roaming\npm-cache\registry.npmjs.org\nan\.cache.json
92 silly addNameRange number 2 { name: 'nan', range: '*', hasData: true }
93 silly addNameRange versions [ 'nan',
93 silly addNameRange   [ '0.3.0-wip',
93 silly addNameRange     '0.3.0-wip2',
93 silly addNameRange     '0.3.0',
93 silly addNameRange     '0.3.1',
93 silly addNameRange     '0.3.2',
93 silly addNameRange     '0.4.0',
93 silly addNameRange     '0.4.1',
93 silly addNameRange     '0.4.2',
93 silly addNameRange     '0.4.3',
93 silly addNameRange     '0.4.4',
93 silly addNameRange     '0.5.0',
93 silly addNameRange     '0.5.1',
93 silly addNameRange     '0.5.2',
93 silly addNameRange     '0.6.0',
93 silly addNameRange     '0.7.0',
93 silly addNameRange     '0.7.1',
93 silly addNameRange     '0.8.0',
93 silly addNameRange     '1.0.0',
93 silly addNameRange     '1.1.0',
93 silly addNameRange     '1.1.1',
93 silly addNameRange     '1.1.2',
93 silly addNameRange     '1.2.0',
93 silly addNameRange     '1.3.0',
93 silly addNameRange     '1.4.0',
93 silly addNameRange     '1.4.1',
93 silly addNameRange     '1.5.0',
93 silly addNameRange     '1.4.2',
93 silly addNameRange     '1.4.3',
93 silly addNameRange     '1.5.1',
93 silly addNameRange     '1.5.2',
93 silly addNameRange     '1.6.0',
93 silly addNameRange     '1.5.3',
93 silly addNameRange     '1.6.1',
93 silly addNameRange     '1.6.2',
93 silly addNameRange     '1.7.0' ] ]
94 verbose addNamed nan@1.7.0
95 silly addNamed semver.valid 1.7.0
96 silly addNamed semver.validRange 1.7.0
97 silly cache afterAdd nan@1.7.0
98 verbose afterAdd C:\Users\snkim\AppData\Roaming\npm-cache\nan\1.7.0\package\package.json not in flight; writing
99 verbose afterAdd C:\Users\snkim\AppData\Roaming\npm-cache\nan\1.7.0\package\package.json written
100 silly install resolved [ { name: 'nan',
100 silly install resolved     version: '1.7.0',
100 silly install resolved     description: 'Native Abstractions for Node.js: C++ header for Node 0.8->0.12 compatibility',
100 silly install resolved     main: 'include_dirs.js',
100 silly install resolved     repository: { type: 'git', url: 'git://github.com/rvagg/nan.git' },
100 silly install resolved     scripts:
100 silly install resolved      { test: 'tap --gc test/js/*-test.js',
100 silly install resolved        'rebuild-tests': 'pangyp rebuild --directory test' },
100 silly install resolved     contributors:
100 silly install resolved      [ [Object],
100 silly install resolved        [Object],
100 silly install resolved        [Object],
100 silly install resolved        [Object],
100 silly install resolved        [Object],
100 silly install resolved        [Object],
100 silly install resolved        [Object] ],
100 silly install resolved     devDependencies:
100 silly install resolved      { bindings: '~1.2.1',
100 silly install resolved        'node-gyp': '~1.0.2',
100 silly install resolved        pangyp: '~2.0.1',
100 silly install resolved        tap: '~0.5.0',
100 silly install resolved        xtend: '~4.0.0' },
100 silly install resolved     license: 'MIT',
100 silly install resolved     gitHead: '550efb5dde5cb6bf79db87ab48dce850e56e971a',
100 silly install resolved     bugs: { url: 'https://github.com/rvagg/nan/issues' },
100 silly install resolved     homepage: 'https://github.com/rvagg/nan',
100 silly install resolved     _id: 'nan@1.7.0',
100 silly install resolved     _shasum: '755b997404e83cbe7bc08bc3c5c56291bce87438',
100 silly install resolved     _from: 'nan@*',
100 silly install resolved     _npmVersion: '2.5.1',
100 silly install resolved     _nodeVersion: '0.12.0',
100 silly install resolved     _npmUser: { name: 'kkoopa', email: 'bbyholm@abo.fi' },
100 silly install resolved     maintainers: [ [Object], [Object] ],
100 silly install resolved     dist:
100 silly install resolved      { shasum: '755b997404e83cbe7bc08bc3c5c56291bce87438',
100 silly install resolved        tarball: 'http://registry.npmjs.org/nan/-/nan-1.7.0.tgz' },
100 silly install resolved     directories: {},
100 silly install resolved     _resolved: 'https://registry.npmjs.org/nan/-/nan-1.7.0.tgz',
100 silly install resolved     readme: 'ERROR: No README data found!' } ]
101 info install nan@1.7.0 into C:\Users\snkim\Google 드라이브\workplace\sideprojects\Hackathon\node_modules\sleep
102 info installOne nan@1.7.0
103 verbose installOne of nan to C:\Users\snkim\Google 드라이브\workplace\sideprojects\Hackathon\node_modules\sleep not in flight; installing
104 verbose lock using C:\Users\snkim\AppData\Roaming\npm-cache\_locks\nan-24b6b8ff1986f1d6.lock for C:\Users\snkim\Google 드라이브\workplace\sideprojects\Hackathon\node_modules\sleep\node_modules\nan
105 silly install write writing nan 1.7.0 to C:\Users\snkim\Google 드라이브\workplace\sideprojects\Hackathon\node_modules\sleep\node_modules\nan
106 silly cache addNamed cb nan@1.7.0
107 verbose unbuild node_modules\sleep\node_modules\nan
108 silly gentlyRm C:\Users\snkim\Google 드라이브\workplace\sideprojects\Hackathon\node_modules\sleep\node_modules\nan is being purged from base C:\Users\snkim\Google 드라이브\workplace\sideprojects\Hackathon
109 verbose gentlyRm don't care about contents; nuking C:\Users\snkim\Google 드라이브\workplace\sideprojects\Hackathon\node_modules\sleep\node_modules\nan
110 verbose tar unpack C:\Users\snkim\AppData\Roaming\npm-cache\nan\1.7.0\package.tgz
111 verbose tar unpacking to C:\Users\snkim\Google 드라이브\workplace\sideprojects\Hackathon\node_modules\sleep\node_modules\nan
112 silly gentlyRm C:\Users\snkim\Google 드라이브\workplace\sideprojects\Hackathon\node_modules\sleep\node_modules\nan is being purged
113 verbose gentlyRm don't care about contents; nuking C:\Users\snkim\Google 드라이브\workplace\sideprojects\Hackathon\node_modules\sleep\node_modules\nan
114 silly gunzTarPerm modes [ '777', '666' ]
115 silly gunzTarPerm extractEntry package.json
116 silly gunzTarPerm modified mode [ 'package.json', 436, 438 ]
117 silly gunzTarPerm extractEntry include_dirs.js
118 silly gunzTarPerm modified mode [ 'include_dirs.js', 436, 438 ]
119 silly gunzTarPerm extractEntry LICENSE.md
120 silly gunzTarPerm modified mode [ 'LICENSE.md', 436, 438 ]
121 silly gunzTarPerm extractEntry .dntrc
122 silly gunzTarPerm modified mode [ '.dntrc', 436, 438 ]
123 silly gunzTarPerm extractEntry appveyor.yml
124 silly gunzTarPerm modified mode [ 'appveyor.yml', 436, 438 ]
125 silly gunzTarPerm extractEntry nan.h
126 silly gunzTarPerm modified mode [ 'nan.h', 436, 438 ]
127 silly gunzTarPerm extractEntry nan_implementation_12_inl.h
128 silly gunzTarPerm modified mode [ 'nan_implementation_12_inl.h', 436, 438 ]
129 silly gunzTarPerm extractEntry nan_implementation_pre_12_inl.h
130 silly gunzTarPerm modified mode [ 'nan_implementation_pre_12_inl.h', 436, 438 ]
131 silly gunzTarPerm extractEntry nan_new.h
132 silly gunzTarPerm modified mode [ 'nan_new.h', 436, 438 ]
133 silly gunzTarPerm extractEntry nan_string_bytes.h
134 silly gunzTarPerm modified mode [ 'nan_string_bytes.h', 436, 438 ]
135 silly gunzTarPerm extractEntry CHANGELOG.md
136 silly gunzTarPerm modified mode [ 'CHANGELOG.md', 436, 438 ]
137 info preinstall nan@1.7.0
138 silly install resolved []
139 verbose about to build C:\Users\snkim\Google 드라이브\workplace\sideprojects\Hackathon\node_modules\sleep\node_modules\nan
140 info build C:\Users\snkim\Google 드라이브\workplace\sideprojects\Hackathon\node_modules\sleep\node_modules\nan
141 verbose linkStuff [ false,
141 verbose linkStuff   false,
141 verbose linkStuff   false,
141 verbose linkStuff   'C:\\Users\\snkim\\Google 드라이브\\workplace\\sideprojects\\Hackathon\\node_modules\\sleep\\node_modules' ]
142 info linkStuff nan@1.7.0
143 verbose linkBins nan@1.7.0
144 verbose linkMans nan@1.7.0
145 verbose rebuildBundles nan@1.7.0
146 info install nan@1.7.0
147 info postinstall nan@1.7.0
148 verbose unlock done using C:\Users\snkim\AppData\Roaming\npm-cache\_locks\nan-24b6b8ff1986f1d6.lock for C:\Users\snkim\Google 드라이브\workplace\sideprojects\Hackathon\node_modules\sleep\node_modules\nan
149 verbose about to build C:\Users\snkim\Google 드라이브\workplace\sideprojects\Hackathon\node_modules\sleep
150 info build C:\Users\snkim\Google 드라이브\workplace\sideprojects\Hackathon\node_modules\sleep
151 verbose linkStuff [ false,
151 verbose linkStuff   false,
151 verbose linkStuff   false,
151 verbose linkStuff   'C:\\Users\\snkim\\Google 드라이브\\workplace\\sideprojects\\Hackathon\\node_modules' ]
152 info linkStuff sleep@2.0.0
153 verbose linkBins sleep@2.0.0
154 verbose linkMans sleep@2.0.0
155 verbose rebuildBundles sleep@2.0.0
156 verbose rebuildBundles [ 'nan' ]
157 info install sleep@2.0.0
158 verbose unsafe-perm in lifecycle true
159 info sleep@2.0.0 Failed to exec install script
160 verbose unlock done using C:\Users\snkim\AppData\Roaming\npm-cache\_locks\sleep-ee2803d785a9380b.lock for C:\Users\snkim\Google 드라이브\workplace\sideprojects\Hackathon\node_modules\sleep
161 verbose stack Error: sleep@2.0.0 install: `node-gyp rebuild`
161 verbose stack Exit status 1
161 verbose stack     at EventEmitter.<anonymous> (C:\Program Files\nodejs\node_modules\npm\lib\utils\lifecycle.js:213:16)
161 verbose stack     at EventEmitter.emit (events.js:110:17)
161 verbose stack     at ChildProcess.<anonymous> (C:\Program Files\nodejs\node_modules\npm\lib\utils\spawn.js:14:12)
161 verbose stack     at ChildProcess.emit (events.js:110:17)
161 verbose stack     at maybeClose (child_process.js:1015:16)
161 verbose stack     at Process.ChildProcess._handle.onexit (child_process.js:1087:5)
162 verbose pkgid sleep@2.0.0
163 verbose cwd C:\Users\snkim\Google 드라이브\workplace\sideprojects\Hackathon
164 error Windows_NT 6.1.7601
165 error argv "C:\\Program Files\\nodejs\\\\node.exe" "C:\\Program Files\\nodejs\\node_modules\\npm\\bin\\npm-cli.js" "install" "sleep"
166 error node v0.12.2
167 error npm  v2.7.4
168 error code ELIFECYCLE
169 error sleep@2.0.0 install: `node-gyp rebuild`
169 error Exit status 1
170 error Failed at the sleep@2.0.0 install script 'node-gyp rebuild'.
170 error This is most likely a problem with the sleep package,
170 error not with npm itself.
170 error Tell the author that this fails on your system:
170 error     node-gyp rebuild
170 error You can get their info via:
170 error     npm owner ls sleep
170 error There is likely additional logging output above.
171 verbose exit [ 1, true ]
172 verbose unbuild node_modules\sleep
173 info preuninstall sleep@2.0.0
174 info uninstall sleep@2.0.0
175 verbose unbuild rmStuff sleep@2.0.0 from C:\Users\snkim\Google 드라이브\workplace\sideprojects\Hackathon\node_modules
176 info postuninstall sleep@2.0.0
177 silly gentlyRm C:\Users\snkim\Google 드라이브\workplace\sideprojects\Hackathon\node_modules\sleep is being purged from base C:\Users\snkim\Google 드라이브\workplace\sideprojects\Hackathon
178 verbose gentlyRm don't care about contents; nuking C:\Users\snkim\Google 드라이브\workplace\sideprojects\Hackathon\node_modules\sleep
179 silly vacuum-fs purging C:\Users\snkim\Google 드라이브\workplace\sideprojects\Hackathon\node_modules\sleep
180 silly vacuum-fs quitting because other entries in C:\Users\snkim\Google 드라이브\workplace\sideprojects\Hackathon\node_modules
